c:\users\luoc459\desktop\code\game_1\debug\vc143.pdb
c:\users\luoc459\desktop\code\game_1\debug\vc143.idb
c:\users\luoc459\desktop\code\game_1\debug\head.obj
c:\users\luoc459\desktop\code\game_1\debug\game.obj
c:\users\luoc459\desktop\code\game_1\debug\basket.obj
c:\users\luoc459\desktop\game_1\debug\vc142.pdb
c:\users\luoc459\desktop\game_1\debug\vc142.idb
c:\users\luoc459\desktop\code\game_1\debug\vc142.pdb
c:\users\luoc459\desktop\code\game_1\debug\vc142.idb
c:\users\luoc459\desktop\code\game_1\debug\spritecomponent.obj
c:\users\luoc459\desktop\code\game_1\debug\math.obj
c:\users\luoc459\desktop\code\game_1\debug\main.obj
c:\users\luoc459\desktop\code\game_1\debug\component.obj
c:\users\luoc459\desktop\code\game_1\debug\bgspritecomponent.obj
c:\users\luoc459\desktop\code\game_1\debug\animspritecomponent.obj
c:\users\luoc459\desktop\code\game_1\debug\actor.obj
c:\users\luoc459\desktop\code\game_1\debug\movecomponent.obj
c:\users\luoc459\desktop\code\game_1\debug\ball,cpp.obj
c:\users\luoc459\desktop\code\game_1\debug\game.exe
c:\users\luoc459\desktop\code\game_1\debug\game.ilk
c:\users\luoc459\desktop\code\game_1\debug\game.pdb
c:\users\luoc459\desktop\code\game_1\debug\game.tlog\cl.command.1.tlog
c:\users\luoc459\desktop\code\game_1\debug\game.tlog\cl.read.1.tlog
c:\users\luoc459\desktop\code\game_1\debug\game.tlog\cl.write.1.tlog
c:\users\luoc459\desktop\code\game_1\debug\game.tlog\link.command.1.tlog
c:\users\luoc459\desktop\code\game_1\debug\game.tlog\link.read.1.tlog
c:\users\luoc459\desktop\code\game_1\debug\game.tlog\link.write.1.tlog
